{"/mnt/c/Users/vbotingnon/Desktop/gaivota-test/gaivota-test/server/src/app.js": {"path":"/mnt/c/Users/vbotingnon/Desktop/gaivota-test/gaivota-test/server/src/app.js","statementMap":{"0":{"start":{"line":1,"column":16},"end":{"line":1,"column":34}},"1":{"start":{"line":2,"column":13},"end":{"line":2,"column":28}},"2":{"start":{"line":3,"column":14},"end":{"line":3,"column":30}},"3":{"start":{"line":5,"column":0},"end":{"line":5,"column":32}},"4":{"start":{"line":6,"column":21},"end":{"line":6,"column":43}},"5":{"start":{"line":7,"column":14},"end":{"line":7,"column":29}},"6":{"start":{"line":9,"column":17},"end":{"line":9,"column":49}},"7":{"start":{"line":11,"column":17},"end":{"line":11,"column":38}},"8":{"start":{"line":12,"column":15},"end":{"line":12,"column":34}},"9":{"start":{"line":16,"column":2},"end":{"line":16,"column":18}},"10":{"start":{"line":18,"column":2},"end":{"line":18,"column":26}},"11":{"start":{"line":20,"column":2},"end":{"line":20,"column":21}},"12":{"start":{"line":21,"column":2},"end":{"line":21,"column":16}},"13":{"start":{"line":22,"column":2},"end":{"line":22,"column":26}},"14":{"start":{"line":26,"column":2},"end":{"line":26,"column":26}},"15":{"start":{"line":27,"column":2},"end":{"line":27,"column":34}},"16":{"start":{"line":28,"column":2},"end":{"line":32,"column":4}},"17":{"start":{"line":36,"column":2},"end":{"line":36,"column":26}},"18":{"start":{"line":40,"column":2},"end":{"line":40,"column":24}},"19":{"start":{"line":44,"column":2},"end":{"line":60,"column":5}},"20":{"start":{"line":45,"column":3},"end":{"line":45,"column":14}},"21":{"start":{"line":47,"column":3},"end":{"line":51,"column":4}},"22":{"start":{"line":48,"column":4},"end":{"line":50,"column":53}},"23":{"start":{"line":53,"column":3},"end":{"line":57,"column":4}},"24":{"start":{"line":54,"column":19},"end":{"line":54,"column":53}},"25":{"start":{"line":56,"column":4},"end":{"line":56,"column":40}},"26":{"start":{"line":59,"column":3},"end":{"line":59,"column":67}},"27":{"start":{"line":64,"column":0},"end":{"line":64,"column":34}}},"fnMap":{"0":{"name":"(anonymous_0)","decl":{"start":{"line":15,"column":1},"end":{"line":15,"column":2}},"loc":{"start":{"line":15,"column":15},"end":{"line":23,"column":2}},"line":15},"1":{"name":"(anonymous_1)","decl":{"start":{"line":25,"column":1},"end":{"line":25,"column":2}},"loc":{"start":{"line":25,"column":15},"end":{"line":33,"column":2}},"line":25},"2":{"name":"(anonymous_2)","decl":{"start":{"line":35,"column":1},"end":{"line":35,"column":2}},"loc":{"start":{"line":35,"column":10},"end":{"line":37,"column":2}},"line":35},"3":{"name":"(anonymous_3)","decl":{"start":{"line":39,"column":1},"end":{"line":39,"column":2}},"loc":{"start":{"line":39,"column":18},"end":{"line":41,"column":2}},"line":39},"4":{"name":"(anonymous_4)","decl":{"start":{"line":43,"column":1},"end":{"line":43,"column":2}},"loc":{"start":{"line":43,"column":20},"end":{"line":61,"column":2}},"line":43},"5":{"name":"(anonymous_5)","decl":{"start":{"line":44,"column":18},"end":{"line":44,"column":19}},"loc":{"start":{"line":44,"column":49},"end":{"line":60,"column":3}},"line":44}},"branchMap":{"0":{"loc":{"start":{"line":47,"column":3},"end":{"line":51,"column":4}},"type":"if","locations":[{"start":{"line":47,"column":3},"end":{"line":51,"column":4}},{"start":{"line":47,"column":3},"end":{"line":51,"column":4}}],"line":47},"1":{"loc":{"start":{"line":53,"column":3},"end":{"line":57,"column":4}},"type":"if","locations":[{"start":{"line":53,"column":3},"end":{"line":57,"column":4}},{"start":{"line":53,"column":3},"end":{"line":57,"column":4}}],"line":53}},"s":{"0":2,"1":2,"2":2,"3":2,"4":2,"5":2,"6":2,"7":2,"8":2,"9":2,"10":2,"11":2,"12":2,"13":2,"14":2,"15":2,"16":2,"17":2,"18":2,"19":2,"20":1,"21":1,"22":1,"23":0,"24":0,"25":0,"26":0,"27":2},"f":{"0":2,"1":2,"2":2,"3":2,"4":2,"5":1},"b":{"0":[1,0],"1":[0,0]},"_coverageSchema":"1a1c01bbd47fc00a2c39e90264f33305004495a9","hash":"9ab75262a019384e751e068dd57e4f5aad8d9acd"}
,"/mnt/c/Users/vbotingnon/Desktop/gaivota-test/gaivota-test/server/src/routes.js": {"path":"/mnt/c/Users/vbotingnon/Desktop/gaivota-test/gaivota-test/server/src/routes.js","statementMap":{"0":{"start":{"line":1,"column":19},"end":{"line":1,"column":37}},"1":{"start":{"line":3,"column":23},"end":{"line":3,"column":66}},"2":{"start":{"line":4,"column":28},"end":{"line":4,"column":76}},"3":{"start":{"line":5,"column":23},"end":{"line":5,"column":66}},"4":{"start":{"line":6,"column":36},"end":{"line":6,"column":92}},"5":{"start":{"line":8,"column":18},"end":{"line":8,"column":56}},"6":{"start":{"line":10,"column":15},"end":{"line":10,"column":27}},"7":{"start":{"line":12,"column":0},"end":{"line":12,"column":44}},"8":{"start":{"line":13,"column":0},"end":{"line":13,"column":41}},"9":{"start":{"line":15,"column":0},"end":{"line":15,"column":54}},"10":{"start":{"line":16,"column":0},"end":{"line":16,"column":56}},"11":{"start":{"line":17,"column":0},"end":{"line":17,"column":58}},"12":{"start":{"line":18,"column":0},"end":{"line":18,"column":70}},"13":{"start":{"line":19,"column":0},"end":{"line":23,"column":2}},"14":{"start":{"line":24,"column":0},"end":{"line":28,"column":2}},"15":{"start":{"line":30,"column":0},"end":{"line":30,"column":80}},"16":{"start":{"line":31,"column":0},"end":{"line":31,"column":66}},"17":{"start":{"line":33,"column":0},"end":{"line":35,"column":3}},"18":{"start":{"line":34,"column":1},"end":{"line":34,"column":38}},"19":{"start":{"line":37,"column":0},"end":{"line":37,"column":24}}},"fnMap":{"0":{"name":"(anonymous_0)","decl":{"start":{"line":33,"column":16},"end":{"line":33,"column":17}},"loc":{"start":{"line":33,"column":30},"end":{"line":35,"column":1}},"line":33}},"branchMap":{},"s":{"0":2,"1":2,"2":2,"3":2,"4":2,"5":2,"6":2,"7":2,"8":2,"9":2,"10":2,"11":2,"12":2,"13":2,"14":2,"15":2,"16":2,"17":2,"18":0,"19":2},"f":{"0":0},"b":{},"_coverageSchema":"1a1c01bbd47fc00a2c39e90264f33305004495a9","hash":"1d82ff1f6bbb1df162a0d79fcda882bd1a2c37f2"}
,"/mnt/c/Users/vbotingnon/Desktop/gaivota-test/gaivota-test/server/src/app/controllers/AuthController.js": {"path":"/mnt/c/Users/vbotingnon/Desktop/gaivota-test/gaivota-test/server/src/app/controllers/AuthController.js","statementMap":{"0":{"start":{"line":1,"column":12},"end":{"line":1,"column":35}},"1":{"start":{"line":3,"column":19},"end":{"line":3,"column":30}},"2":{"start":{"line":4,"column":17},"end":{"line":4,"column":46}},"3":{"start":{"line":5,"column":23},"end":{"line":5,"column":62}},"4":{"start":{"line":6,"column":14},"end":{"line":6,"column":33}},"5":{"start":{"line":16,"column":2},"end":{"line":20,"column":3}},"6":{"start":{"line":17,"column":3},"end":{"line":17,"column":42}},"7":{"start":{"line":19,"column":3},"end":{"line":19,"column":42}},"8":{"start":{"line":22,"column":30},"end":{"line":22,"column":38}},"9":{"start":{"line":24,"column":15},"end":{"line":27,"column":42}},"10":{"start":{"line":29,"column":2},"end":{"line":31,"column":3}},"11":{"start":{"line":30,"column":3},"end":{"line":30,"column":57}},"12":{"start":{"line":33,"column":16},"end":{"line":33,"column":45}},"13":{"start":{"line":35,"column":2},"end":{"line":35,"column":65}},"14":{"start":{"line":42,"column":14},"end":{"line":42,"column":41}},"15":{"start":{"line":43,"column":2},"end":{"line":43,"column":30}},"16":{"start":{"line":45,"column":18},"end":{"line":45,"column":43}},"17":{"start":{"line":47,"column":2},"end":{"line":47,"column":37}},"18":{"start":{"line":51,"column":0},"end":{"line":51,"column":38}}},"fnMap":{"0":{"name":"(anonymous_0)","decl":{"start":{"line":15,"column":1},"end":{"line":15,"column":2}},"loc":{"start":{"line":15,"column":23},"end":{"line":36,"column":2}},"line":15},"1":{"name":"(anonymous_1)","decl":{"start":{"line":41,"column":1},"end":{"line":41,"column":2}},"loc":{"start":{"line":41,"column":22},"end":{"line":48,"column":2}},"line":41}},"branchMap":{"0":{"loc":{"start":{"line":29,"column":2},"end":{"line":31,"column":3}},"type":"if","locations":[{"start":{"line":29,"column":2},"end":{"line":31,"column":3}},{"start":{"line":29,"column":2},"end":{"line":31,"column":3}}],"line":29}},"s":{"0":2,"1":2,"2":2,"3":2,"4":2,"5":1,"6":1,"7":0,"8":1,"9":1,"10":1,"11":0,"12":1,"13":1,"14":0,"15":0,"16":0,"17":0,"18":2},"f":{"0":1,"1":0},"b":{"0":[0,1]},"_coverageSchema":"1a1c01bbd47fc00a2c39e90264f33305004495a9","hash":"a6ba5185d3db5c2135bd497dced17bea5202ac6c"}
,"/mnt/c/Users/vbotingnon/Desktop/gaivota-test/gaivota-test/server/src/app/controllers/ChallengeController.js": {"path":"/mnt/c/Users/vbotingnon/Desktop/gaivota-test/gaivota-test/server/src/app/controllers/ChallengeController.js","statementMap":{"0":{"start":{"line":1,"column":14},"end":{"line":1,"column":33}},"1":{"start":{"line":10,"column":21},"end":{"line":10,"column":31}},"2":{"start":{"line":12,"column":2},"end":{"line":12,"column":55}},"3":{"start":{"line":21,"column":19},"end":{"line":21,"column":29}},"4":{"start":{"line":22,"column":18},"end":{"line":22,"column":36}},"5":{"start":{"line":24,"column":2},"end":{"line":24,"column":53}},"6":{"start":{"line":28,"column":0},"end":{"line":28,"column":43}}},"fnMap":{"0":{"name":"(anonymous_0)","decl":{"start":{"line":9,"column":1},"end":{"line":9,"column":2}},"loc":{"start":{"line":9,"column":24},"end":{"line":13,"column":2}},"line":9},"1":{"name":"(anonymous_1)","decl":{"start":{"line":20,"column":1},"end":{"line":20,"column":2}},"loc":{"start":{"line":20,"column":24},"end":{"line":25,"column":2}},"line":20}},"branchMap":{},"s":{"0":2,"1":1,"2":1,"3":1,"4":1,"5":1,"6":2},"f":{"0":1,"1":1},"b":{},"_coverageSchema":"1a1c01bbd47fc00a2c39e90264f33305004495a9","hash":"a4aae2c54049382c92aa7e98ba9eeb15db848be7"}
,"/mnt/c/Users/vbotingnon/Desktop/gaivota-test/gaivota-test/server/src/app/controllers/FarmController.js": {"path":"/mnt/c/Users/vbotingnon/Desktop/gaivota-test/gaivota-test/server/src/app/controllers/FarmController.js","statementMap":{"0":{"start":{"line":1,"column":17},"end":{"line":1,"column":46}},"1":{"start":{"line":2,"column":23},"end":{"line":2,"column":62}},"2":{"start":{"line":3,"column":36},"end":{"line":3,"column":88}},"3":{"start":{"line":11,"column":16},"end":{"line":11,"column":62}},"4":{"start":{"line":13,"column":2},"end":{"line":13,"column":76}},"5":{"start":{"line":22,"column":22},"end":{"line":22,"column":32}},"6":{"start":{"line":23,"column":15},"end":{"line":23,"column":75}},"7":{"start":{"line":25,"column":2},"end":{"line":27,"column":3}},"8":{"start":{"line":26,"column":3},"end":{"line":26,"column":45}},"9":{"start":{"line":29,"column":2},"end":{"line":29,"column":29}},"10":{"start":{"line":38,"column":42},"end":{"line":38,"column":50}},"11":{"start":{"line":39,"column":2},"end":{"line":41,"column":3}},"12":{"start":{"line":40,"column":3},"end":{"line":40,"column":48}},"13":{"start":{"line":43,"column":17},"end":{"line":43,"column":28}},"14":{"start":{"line":44,"column":17},"end":{"line":44,"column":25}},"15":{"start":{"line":46,"column":2},"end":{"line":46,"column":35}},"16":{"start":{"line":48,"column":14},"end":{"line":51,"column":4}},"17":{"start":{"line":53,"column":2},"end":{"line":53,"column":55}},"18":{"start":{"line":54,"column":2},"end":{"line":64,"column":3}},"19":{"start":{"line":55,"column":3},"end":{"line":63,"column":5}},"20":{"start":{"line":57,"column":5},"end":{"line":57,"column":21}},"21":{"start":{"line":59,"column":5},"end":{"line":59,"column":28}},"22":{"start":{"line":61,"column":5},"end":{"line":61,"column":17}},"23":{"start":{"line":66,"column":2},"end":{"line":66,"column":28}},"24":{"start":{"line":75,"column":22},"end":{"line":75,"column":30}},"25":{"start":{"line":76,"column":2},"end":{"line":78,"column":3}},"26":{"start":{"line":77,"column":3},"end":{"line":77,"column":48}},"27":{"start":{"line":80,"column":17},"end":{"line":80,"column":28}},"28":{"start":{"line":82,"column":2},"end":{"line":82,"column":41}},"29":{"start":{"line":83,"column":2},"end":{"line":83,"column":55}},"30":{"start":{"line":85,"column":2},"end":{"line":85,"column":33}},"31":{"start":{"line":89,"column":0},"end":{"line":89,"column":38}}},"fnMap":{"0":{"name":"(anonymous_0)","decl":{"start":{"line":10,"column":1},"end":{"line":10,"column":2}},"loc":{"start":{"line":10,"column":23},"end":{"line":14,"column":2}},"line":10},"1":{"name":"(anonymous_1)","decl":{"start":{"line":21,"column":1},"end":{"line":21,"column":2}},"loc":{"start":{"line":21,"column":24},"end":{"line":30,"column":2}},"line":21},"2":{"name":"(anonymous_2)","decl":{"start":{"line":37,"column":1},"end":{"line":37,"column":2}},"loc":{"start":{"line":37,"column":24},"end":{"line":67,"column":2}},"line":37},"3":{"name":"(anonymous_3)","decl":{"start":{"line":56,"column":27},"end":{"line":56,"column":28}},"loc":{"start":{"line":56,"column":35},"end":{"line":62,"column":5}},"line":56},"4":{"name":"(anonymous_4)","decl":{"start":{"line":74,"column":1},"end":{"line":74,"column":2}},"loc":{"start":{"line":74,"column":24},"end":{"line":86,"column":2}},"line":74}},"branchMap":{"0":{"loc":{"start":{"line":25,"column":2},"end":{"line":27,"column":3}},"type":"if","locations":[{"start":{"line":25,"column":2},"end":{"line":27,"column":3}},{"start":{"line":25,"column":2},"end":{"line":27,"column":3}}],"line":25},"1":{"loc":{"start":{"line":39,"column":2},"end":{"line":41,"column":3}},"type":"if","locations":[{"start":{"line":39,"column":2},"end":{"line":41,"column":3}},{"start":{"line":39,"column":2},"end":{"line":41,"column":3}}],"line":39},"2":{"loc":{"start":{"line":54,"column":2},"end":{"line":64,"column":3}},"type":"if","locations":[{"start":{"line":54,"column":2},"end":{"line":64,"column":3}},{"start":{"line":54,"column":2},"end":{"line":64,"column":3}}],"line":54},"3":{"loc":{"start":{"line":76,"column":2},"end":{"line":78,"column":3}},"type":"if","locations":[{"start":{"line":76,"column":2},"end":{"line":78,"column":3}},{"start":{"line":76,"column":2},"end":{"line":78,"column":3}}],"line":76}},"s":{"0":2,"1":2,"2":2,"3":1,"4":1,"5":1,"6":1,"7":1,"8":0,"9":1,"10":1,"11":1,"12":0,"13":1,"14":1,"15":1,"16":1,"17":1,"18":1,"19":0,"20":0,"21":0,"22":0,"23":1,"24":1,"25":1,"26":0,"27":1,"28":1,"29":1,"30":1,"31":2},"f":{"0":1,"1":1,"2":1,"3":0,"4":1},"b":{"0":[0,1],"1":[0,1],"2":[0,1],"3":[0,1]},"_coverageSchema":"1a1c01bbd47fc00a2c39e90264f33305004495a9","hash":"ea686f65427c0a16bf4631208df2549a8cfef65d"}
,"/mnt/c/Users/vbotingnon/Desktop/gaivota-test/gaivota-test/server/src/app/controllers/NdviPrecipitationController.js": {"path":"/mnt/c/Users/vbotingnon/Desktop/gaivota-test/gaivota-test/server/src/app/controllers/NdviPrecipitationController.js","statementMap":{"0":{"start":{"line":1,"column":36},"end":{"line":1,"column":88}},"1":{"start":{"line":10,"column":22},"end":{"line":10,"column":32}},"2":{"start":{"line":12,"column":15},"end":{"line":23,"column":4}},"3":{"start":{"line":25,"column":2},"end":{"line":25,"column":68}},"4":{"start":{"line":34,"column":22},"end":{"line":34,"column":32}},"5":{"start":{"line":36,"column":15},"end":{"line":47,"column":4}},"6":{"start":{"line":49,"column":2},"end":{"line":49,"column":68}},"7":{"start":{"line":53,"column":0},"end":{"line":53,"column":51}}},"fnMap":{"0":{"name":"(anonymous_0)","decl":{"start":{"line":9,"column":1},"end":{"line":9,"column":2}},"loc":{"start":{"line":9,"column":23},"end":{"line":26,"column":2}},"line":9},"1":{"name":"(anonymous_1)","decl":{"start":{"line":33,"column":1},"end":{"line":33,"column":2}},"loc":{"start":{"line":33,"column":23},"end":{"line":50,"column":2}},"line":33}},"branchMap":{},"s":{"0":2,"1":0,"2":0,"3":0,"4":0,"5":0,"6":0,"7":2},"f":{"0":0,"1":0},"b":{},"_coverageSchema":"1a1c01bbd47fc00a2c39e90264f33305004495a9","hash":"68c08a0d1025594835d1f52f36fbeb5bd3a3386e"}
,"/mnt/c/Users/vbotingnon/Desktop/gaivota-test/gaivota-test/server/src/app/errors/AppError.js": {"path":"/mnt/c/Users/vbotingnon/Desktop/gaivota-test/gaivota-test/server/src/app/errors/AppError.js","statementMap":{"0":{"start":{"line":7,"column":2},"end":{"line":7,"column":25}},"1":{"start":{"line":8,"column":2},"end":{"line":8,"column":31}},"2":{"start":{"line":12,"column":0},"end":{"line":12,"column":26}}},"fnMap":{"0":{"name":"(anonymous_0)","decl":{"start":{"line":6,"column":1},"end":{"line":6,"column":2}},"loc":{"start":{"line":6,"column":40},"end":{"line":9,"column":2}},"line":6}},"branchMap":{"0":{"loc":{"start":{"line":6,"column":22},"end":{"line":6,"column":38}},"type":"default-arg","locations":[{"start":{"line":6,"column":35},"end":{"line":6,"column":38}}],"line":6}},"s":{"0":1,"1":1,"2":2},"f":{"0":1},"b":{"0":[0]},"_coverageSchema":"1a1c01bbd47fc00a2c39e90264f33305004495a9","hash":"a2a6f0f591ff9978450038728fba3984207f776b"}
,"/mnt/c/Users/vbotingnon/Desktop/gaivota-test/gaivota-test/server/src/app/middlewares/checkAuth.js": {"path":"/mnt/c/Users/vbotingnon/Desktop/gaivota-test/gaivota-test/server/src/app/middlewares/checkAuth.js","statementMap":{"0":{"start":{"line":1,"column":12},"end":{"line":1,"column":35}},"1":{"start":{"line":2,"column":19},"end":{"line":2,"column":30}},"2":{"start":{"line":3,"column":17},"end":{"line":3,"column":46}},"3":{"start":{"line":5,"column":0},"end":{"line":19,"column":2}},"4":{"start":{"line":6,"column":13},"end":{"line":6,"column":40}},"5":{"start":{"line":7,"column":1},"end":{"line":9,"column":2}},"6":{"start":{"line":8,"column":2},"end":{"line":8,"column":44}},"7":{"start":{"line":11,"column":1},"end":{"line":11,"column":29}},"8":{"start":{"line":13,"column":1},"end":{"line":18,"column":2}},"9":{"start":{"line":14,"column":2},"end":{"line":14,"column":28}},"10":{"start":{"line":15,"column":2},"end":{"line":15,"column":16}},"11":{"start":{"line":17,"column":2},"end":{"line":17,"column":44}}},"fnMap":{"0":{"name":"(anonymous_0)","decl":{"start":{"line":5,"column":17},"end":{"line":5,"column":18}},"loc":{"start":{"line":5,"column":43},"end":{"line":19,"column":1}},"line":5}},"branchMap":{"0":{"loc":{"start":{"line":7,"column":1},"end":{"line":9,"column":2}},"type":"if","locations":[{"start":{"line":7,"column":1},"end":{"line":9,"column":2}},{"start":{"line":7,"column":1},"end":{"line":9,"column":2}}],"line":7}},"s":{"0":2,"1":2,"2":2,"3":2,"4":5,"5":5,"6":1,"7":4,"8":4,"9":4,"10":4,"11":0},"f":{"0":5},"b":{"0":[1,4]},"_coverageSchema":"1a1c01bbd47fc00a2c39e90264f33305004495a9","hash":"2e658f909dbe8cbae0c7892ad09604ae7e2b5ed4"}
,"/mnt/c/Users/vbotingnon/Desktop/gaivota-test/gaivota-test/server/src/app/models/FarmModel.js": {"path":"/mnt/c/Users/vbotingnon/Desktop/gaivota-test/gaivota-test/server/src/app/models/FarmModel.js","statementMap":{"0":{"start":{"line":1,"column":26},"end":{"line":1,"column":45}},"1":{"start":{"line":3,"column":19},"end":{"line":19,"column":1}},"2":{"start":{"line":21,"column":0},"end":{"line":21,"column":43}}},"fnMap":{},"branchMap":{},"s":{"0":2,"1":2,"2":2},"f":{},"b":{},"_coverageSchema":"1a1c01bbd47fc00a2c39e90264f33305004495a9","hash":"56a9b5dee936376bfd6d87b11b8813b64770f520"}
,"/mnt/c/Users/vbotingnon/Desktop/gaivota-test/gaivota-test/server/src/app/models/NdviPrecipitationModel.js": {"path":"/mnt/c/Users/vbotingnon/Desktop/gaivota-test/gaivota-test/server/src/app/models/NdviPrecipitationModel.js","statementMap":{"0":{"start":{"line":1,"column":26},"end":{"line":1,"column":45}},"1":{"start":{"line":3,"column":32},"end":{"line":13,"column":1}},"2":{"start":{"line":15,"column":0},"end":{"line":15,"column":69}}},"fnMap":{},"branchMap":{},"s":{"0":2,"1":2,"2":2},"f":{},"b":{},"_coverageSchema":"1a1c01bbd47fc00a2c39e90264f33305004495a9","hash":"553fc555c66735896f9c8ba5a7ea106590fa587d"}
,"/mnt/c/Users/vbotingnon/Desktop/gaivota-test/gaivota-test/server/src/app/models/UserModel.js": {"path":"/mnt/c/Users/vbotingnon/Desktop/gaivota-test/gaivota-test/server/src/app/models/UserModel.js","statementMap":{"0":{"start":{"line":1,"column":26},"end":{"line":1,"column":45}},"1":{"start":{"line":3,"column":19},"end":{"line":12,"column":1}},"2":{"start":{"line":14,"column":0},"end":{"line":14,"column":43}}},"fnMap":{},"branchMap":{},"s":{"0":2,"1":2,"2":2},"f":{},"b":{},"_coverageSchema":"1a1c01bbd47fc00a2c39e90264f33305004495a9","hash":"a21350117f8475ef26f5118103c5b3bc9cc13335"}
,"/mnt/c/Users/vbotingnon/Desktop/gaivota-test/gaivota-test/server/src/app/repository/FarmRepository.js": {"path":"/mnt/c/Users/vbotingnon/Desktop/gaivota-test/gaivota-test/server/src/app/repository/FarmRepository.js","statementMap":{"0":{"start":{"line":1,"column":18},"end":{"line":1,"column":48}},"1":{"start":{"line":5,"column":0},"end":{"line":5,"column":32}}},"fnMap":{},"branchMap":{},"s":{"0":2,"1":2},"f":{},"b":{},"_coverageSchema":"1a1c01bbd47fc00a2c39e90264f33305004495a9","hash":"b7a7dab899054d151a9e42eea11eb7276e61566a"}
,"/mnt/c/Users/vbotingnon/Desktop/gaivota-test/gaivota-test/server/src/app/repository/NdviPrecipitationRepository.js": {"path":"/mnt/c/Users/vbotingnon/Desktop/gaivota-test/gaivota-test/server/src/app/repository/NdviPrecipitationRepository.js","statementMap":{"0":{"start":{"line":1,"column":31},"end":{"line":1,"column":74}},"1":{"start":{"line":5,"column":0},"end":{"line":5,"column":45}}},"fnMap":{},"branchMap":{},"s":{"0":2,"1":2},"f":{},"b":{},"_coverageSchema":"1a1c01bbd47fc00a2c39e90264f33305004495a9","hash":"ca2f29ab54b4344623457b61fec2fa63d94efe5f"}
,"/mnt/c/Users/vbotingnon/Desktop/gaivota-test/gaivota-test/server/src/app/repository/UserRepository.js": {"path":"/mnt/c/Users/vbotingnon/Desktop/gaivota-test/gaivota-test/server/src/app/repository/UserRepository.js","statementMap":{"0":{"start":{"line":1,"column":18},"end":{"line":1,"column":48}},"1":{"start":{"line":5,"column":0},"end":{"line":5,"column":32}}},"fnMap":{},"branchMap":{},"s":{"0":2,"1":2},"f":{},"b":{},"_coverageSchema":"1a1c01bbd47fc00a2c39e90264f33305004495a9","hash":"e71e9d92eb45585f124581264793417d46721926"}
,"/mnt/c/Users/vbotingnon/Desktop/gaivota-test/gaivota-test/server/src/app/utils/index.js": {"path":"/mnt/c/Users/vbotingnon/Desktop/gaivota-test/gaivota-test/server/src/app/utils/index.js","statementMap":{"0":{"start":{"line":1,"column":16},"end":{"line":1,"column":38}},"1":{"start":{"line":2,"column":12},"end":{"line":2,"column":26}},"2":{"start":{"line":3,"column":14},"end":{"line":3,"column":40}},"3":{"start":{"line":4,"column":17},"end":{"line":4,"column":46}},"4":{"start":{"line":6,"column":16},"end":{"line":6,"column":34}},"5":{"start":{"line":11,"column":0},"end":{"line":13,"column":2}},"6":{"start":{"line":12,"column":1},"end":{"line":12,"column":32}},"7":{"start":{"line":18,"column":0},"end":{"line":20,"column":2}},"8":{"start":{"line":19,"column":1},"end":{"line":19,"column":30}},"9":{"start":{"line":25,"column":0},"end":{"line":27,"column":2}},"10":{"start":{"line":26,"column":1},"end":{"line":26,"column":30}},"11":{"start":{"line":32,"column":0},"end":{"line":41,"column":2}},"12":{"start":{"line":33,"column":16},"end":{"line":38,"column":3}},"13":{"start":{"line":40,"column":1},"end":{"line":40,"column":53}}},"fnMap":{"0":{"name":"(anonymous_0)","decl":{"start":{"line":11,"column":19},"end":{"line":11,"column":20}},"loc":{"start":{"line":11,"column":32},"end":{"line":13,"column":1}},"line":11},"1":{"name":"(anonymous_1)","decl":{"start":{"line":18,"column":17},"end":{"line":18,"column":18}},"loc":{"start":{"line":18,"column":26},"end":{"line":20,"column":1}},"line":18},"2":{"name":"(anonymous_2)","decl":{"start":{"line":25,"column":17},"end":{"line":25,"column":18}},"loc":{"start":{"line":25,"column":26},"end":{"line":27,"column":1}},"line":25},"3":{"name":"(anonymous_3)","decl":{"start":{"line":32,"column":27},"end":{"line":32,"column":28}},"loc":{"start":{"line":32,"column":35},"end":{"line":41,"column":1}},"line":32}},"branchMap":{},"s":{"0":2,"1":2,"2":2,"3":2,"4":2,"5":2,"6":4,"7":2,"8":1,"9":2,"10":1,"11":2,"12":1,"13":1},"f":{"0":4,"1":1,"2":1,"3":1},"b":{},"_coverageSchema":"1a1c01bbd47fc00a2c39e90264f33305004495a9","hash":"1818ac632eeab23a400ff023d226d2e9e06bae6c"}
,"/mnt/c/Users/vbotingnon/Desktop/gaivota-test/gaivota-test/server/src/config/mongo.js": {"path":"/mnt/c/Users/vbotingnon/Desktop/gaivota-test/gaivota-test/server/src/config/mongo.js","statementMap":{"0":{"start":{"line":1,"column":0},"end":{"line":3,"column":2}}},"fnMap":{},"branchMap":{},"s":{"0":2},"f":{},"b":{},"_coverageSchema":"1a1c01bbd47fc00a2c39e90264f33305004495a9","hash":"f34befa302b2120fc57b1e2d445b2ef0f234beb8"}
,"/mnt/c/Users/vbotingnon/Desktop/gaivota-test/gaivota-test/server/src/database/index.js": {"path":"/mnt/c/Users/vbotingnon/Desktop/gaivota-test/gaivota-test/server/src/database/index.js","statementMap":{"0":{"start":{"line":1,"column":17},"end":{"line":1,"column":36}},"1":{"start":{"line":2,"column":16},"end":{"line":2,"column":45}},"2":{"start":{"line":3,"column":21},"end":{"line":3,"column":44}},"3":{"start":{"line":5,"column":12},"end":{"line":5,"column":31}},"4":{"start":{"line":6,"column":14},"end":{"line":6,"column":33}},"5":{"start":{"line":8,"column":23},"end":{"line":8,"column":66}},"6":{"start":{"line":12,"column":2},"end":{"line":38,"column":3}},"7":{"start":{"line":13,"column":3},"end":{"line":25,"column":6}},"8":{"start":{"line":14,"column":4},"end":{"line":14,"column":35}},"9":{"start":{"line":16,"column":4},"end":{"line":16,"column":67}},"10":{"start":{"line":18,"column":4},"end":{"line":22,"column":7}},"11":{"start":{"line":24,"column":4},"end":{"line":24,"column":26}},"12":{"start":{"line":27,"column":3},"end":{"line":29,"column":6}},"13":{"start":{"line":28,"column":4},"end":{"line":28,"column":44}},"14":{"start":{"line":31,"column":3},"end":{"line":35,"column":6}},"15":{"start":{"line":37,"column":3},"end":{"line":37,"column":51}},"16":{"start":{"line":42,"column":0},"end":{"line":42,"column":32}}},"fnMap":{"0":{"name":"(anonymous_0)","decl":{"start":{"line":11,"column":1},"end":{"line":11,"column":2}},"loc":{"start":{"line":11,"column":14},"end":{"line":39,"column":2}},"line":11},"1":{"name":"(anonymous_1)","decl":{"start":{"line":13,"column":34},"end":{"line":13,"column":35}},"loc":{"start":{"line":13,"column":46},"end":{"line":25,"column":4}},"line":13},"2":{"name":"(anonymous_2)","decl":{"start":{"line":27,"column":35},"end":{"line":27,"column":36}},"loc":{"start":{"line":27,"column":42},"end":{"line":29,"column":4}},"line":27}},"branchMap":{},"s":{"0":2,"1":2,"2":2,"3":2,"4":2,"5":2,"6":2,"7":2,"8":1,"9":1,"10":1,"11":1,"12":2,"13":0,"14":2,"15":1,"16":2},"f":{"0":2,"1":1,"2":0},"b":{},"_coverageSchema":"1a1c01bbd47fc00a2c39e90264f33305004495a9","hash":"62b223ccecc37fc103d8b288323f1e9a2667ab77"}
}
